This is pdfTeX, Version 3.141592653-2.6-1.40.25 (MiKTeX 23.10.12) (preloaded format=pdflatex 2023.11.21)  16 JAN 2024 11:49
entering extended mode
 restricted \write18 enabled.
 file:line:error style messages enabled.
 %&-line parsing enabled.
**"c:/Users/monda/OneDrive/Desktop/LateX Work/final fyp/fyp.tex"
(c:/Users/monda/OneDrive/Desktop/LateX Work/final fyp/fyp.tex
LaTeX2e <2023-11-01>
L3 programming layer <2023-11-01>
(C:\Users\monda\AppData\Local\Programs\MiKTeX\tex/latex/base\report.cls
Document Class: report 2023/05/17 v1.4n Standard LaTeX document class
(C:\Users\monda\AppData\Local\Programs\MiKTeX\tex/latex/base\size10.clo
File: size10.clo 2023/05/17 v1.4n Standard LaTeX file (size option)
)
\c@part=\count186
\c@chapter=\count187
\c@section=\count188
\c@subsection=\count189
\c@subsubsection=\count190
\c@paragraph=\count191
\c@subparagraph=\count192
\c@figure=\count193
\c@table=\count194
\abovecaptionskip=\skip48
\belowcaptionskip=\skip49
\bibindent=\dimen140
) (C:\Users\monda\AppData\Local\Programs\MiKTeX\tex/latex/l3backend\l3backend-pdftex.def
File: l3backend-pdftex.def 2023-10-23 L3 backend support: PDF output (pdfTeX)
\l__color_backend_stack_int=\count195
\l__pdf_internal_box=\box51
) (fyp.aux

LaTeX Warning: Label `ch:introduction' multiply defined.


LaTeX Warning: Label `sec:project-description' multiply defined.


LaTeX Warning: Label `sec:objectives' multiply defined.


LaTeX Warning: Label `sec:scope-limitations' multiply defined.

)
\openout1 = `fyp.aux'.

LaTeX Font Info:    Checking defaults for OML/cmm/m/it on input line 3.
LaTeX Font Info:    ... okay on input line 3.
LaTeX Font Info:    Checking defaults for OMS/cmsy/m/n on input line 3.
LaTeX Font Info:    ... okay on input line 3.
LaTeX Font Info:    Checking defaults for OT1/cmr/m/n on input line 3.
LaTeX Font Info:    ... okay on input line 3.
LaTeX Font Info:    Checking defaults for T1/cmr/m/n on input line 3.
LaTeX Font Info:    ... okay on input line 3.
LaTeX Font Info:    Checking defaults for TS1/cmr/m/n on input line 3.
LaTeX Font Info:    ... okay on input line 3.
LaTeX Font Info:    Checking defaults for OMX/cmex/m/n on input line 3.
LaTeX Font Info:    ... okay on input line 3.
LaTeX Font Info:    Checking defaults for U/cmr/m/n on input line 3.
LaTeX Font Info:    ... okay on input line 3.
LaTeX Font Info:    External font `cmex10' loaded for size
(Font)              <12> on input line 9.
LaTeX Font Info:    External font `cmex10' loaded for size
(Font)              <8> on input line 9.
LaTeX Font Info:    External font `cmex10' loaded for size
(Font)              <6> on input line 9.
 [1

{C:/Users/monda/AppData/Local/MiKTeX/fonts/map/pdftex/pdftex.map}] [1] [1] [1] (fyp.toc
LaTeX Font Info:    External font `cmex10' loaded for size
(Font)              <7> on input line 2.
LaTeX Font Info:    External font `cmex10' loaded for size
(Font)              <5> on input line 2.
)
\tf@toc=\write3
\openout3 = `fyp.toc'.

 [1

] (fyp.lof)
\tf@lof=\write4
\openout4 = `fyp.lof'.

 [2

] (fyp.lot)
\tf@lot=\write5
\openout5 = `fyp.lot'.

 [3

] (chapters/1.tex [4

]
Chapter 1.

Overfull \hbox (21.18477pt too wide) in paragraph at lines 6--6
[]\OT1/cmr/bx/n/12 Introduction to Or-di-nary Dif-fer-en-tial Equa-tions (ODEs) 
 []


Underfull \hbox (badness 10000) in paragraph at lines 7--12

 []

[5

] [6]
Overfull \hbox (0.25992pt too wide) in paragraph at lines 70--71
[]\OT1/cmr/m/it/10 Explanation: \OT1/cmr/m/n/10 In ad-di-tion to tech-ni-cal per-for-mance, em-pha-sis will be placed
 []

[7] [8]
Overfull \hbox (2.93932pt too wide) in paragraph at lines 105--106
[]\OT1/cmr/m/n/10 Boundary value prob-lems: In the con-text of dif-fer-en-tial equa-tions, a \OT1/cmr/m/it/10 Bound-
 []

[9]) (chapters/2.tex [10]
Chapter 2.
) (fyp.bbl [11

]) [12

]

LaTeX Warning: Empty `thebibliography' environment on input line 93.

[13

]
Appendix A.
[14

] (fyp.aux)
 ***********
LaTeX2e <2023-11-01>
L3 programming layer <2023-11-01>
 ***********


LaTeX Warning: There were multiply-defined labels.

 ) 
Here is how much of TeX's memory you used:
 563 strings out of 474592
 10906 string characters out of 5745798
 1933533 words of memory out of 5000000
 22789 multiletter control sequences out of 15000+600000
 564889 words of font info for 58 fonts, out of 8000000 for 9000
 1141 hyphenation exceptions out of 8191
 35i,6n,50p,1012b,192s stack positions out of 10000i,1000n,20000p,200000b,200000s
<C:/Users/monda/AppData/Local/Programs/MiKTeX/fonts/type1/public/amsfonts/cm/cmbx10.pfb><C:/Users/monda/AppData/Local/Programs/MiKTeX/fonts/type1/public/amsfonts/cm/cmbx12.pfb><C:/Users/monda/AppData/Local/Programs/MiKTeX/fonts/type1/public/amsfonts/cm/cmmi10.pfb><C:/Users/monda/AppData/Local/Programs/MiKTeX/fonts/type1/public/amsfonts/cm/cmmi7.pfb><C:/Users/monda/AppData/Local/Programs/MiKTeX/fonts/type1/public/amsfonts/cm/cmr10.pfb><C:/Users/monda/AppData/Local/Programs/MiKTeX/fonts/type1/public/amsfonts/cm/cmr12.pfb><C:/Users/monda/AppData/Local/Programs/MiKTeX/fonts/type1/public/amsfonts/cm/cmr17.pfb><C:/Users/monda/AppData/Local/Programs/MiKTeX/fonts/type1/public/amsfonts/cm/cmr7.pfb><C:/Users/monda/AppData/Local/Programs/MiKTeX/fonts/type1/public/amsfonts/cm/cmsl10.pfb><C:/Users/monda/AppData/Local/Programs/MiKTeX/fonts/type1/public/amsfonts/cm/cmsy10.pfb><C:/Users/monda/AppData/Local/Programs/MiKTeX/fonts/type1/public/amsfonts/cm/cmsy7.pfb><C:/Users/monda/AppData/Local/Programs/MiKTeX/fonts/type1/public/amsfonts/cm/cmti10.pfb><C:/Users/monda/AppData/Local/Programs/MiKTeX/fonts/type1/public/amsfonts/cm/cmti12.pfb>
Output written on fyp.pdf (18 pages, 206251 bytes).
PDF statistics:
 125 PDF objects out of 1000 (max. 8388607)
 0 named destinations out of 1000 (max. 500000)
 1 words of extra memory for PDF output out of 10000 (max. 10000000)

